<?xml version="1.0" encoding="UTF-8"?>
<!-- Generated by org.testng.reporters.JUnitXMLReporter -->
<testsuite ignored="0" hostname="DESKTOP-C4NNM2J" failures="1" tests="7" name="Test_In_Edge" time="58.713" errors="0" timestamp="2023-03-06T01:12:37 GMT">
  <testcase classname="io.cucumber.testng.AbstractTestNGCucumberTests" name="runScenario" time="2.29">
    <failure type="java.lang.RuntimeException">
      <![CDATA[java.lang.RuntimeException
at com.hudl.selenium.basemethods.BaseMethods.click(BaseMethods.java:141)
at com.hudl.steps.pages.WebsitePage.clickLoginButton(WebsitePage.java:21)
at ✽.The user navigates to the login page(file:///C:/Users/17kri/eclipse-workspace/hudleAutomation/src/main/java/features/Login.feature:6)
]]>
    </failure>
  </testcase> <!-- runScenario -->
  <testcase classname="io.cucumber.testng.AbstractTestNGCucumberTests" name="runScenario" time="2.848"/>
  <testcase classname="io.cucumber.testng.AbstractTestNGCucumberTests" name="runScenario" time="2.897"/>
  <testcase classname="io.cucumber.testng.AbstractTestNGCucumberTests" name="runScenario" time="2.679"/>
  <testcase classname="io.cucumber.testng.AbstractTestNGCucumberTests" name="runScenario" time="2.308"/>
  <testcase classname="io.cucumber.testng.AbstractTestNGCucumberTests" name="runScenario" time="2.382"/>
  <testcase classname="io.cucumber.testng.AbstractTestNGCucumberTests" name="runScenario" time="5.778"/>
</testsuite> <!-- Test_In_Edge -->
